W0612 11:09:03.939346 1831842 cuda_executor.cc:1802] GPU interconnect information not available: INTERNAL: NVML doesn't support extracting fabric info or NVLink is not used by the device.
W0612 11:09:03.941657 1831840 cuda_executor.cc:1802] GPU interconnect information not available: INTERNAL: NVML doesn't support extracting fabric info or NVLink is not used by the device.
W0612 11:09:03.945221 1831841 cuda_executor.cc:1802] GPU interconnect information not available: INTERNAL: NVML doesn't support extracting fabric info or NVLink is not used by the device.
W0612 11:09:03.946229 1831843 cuda_executor.cc:1802] GPU interconnect information not available: INTERNAL: NVML doesn't support extracting fabric info or NVLink is not used by the device.
W0612 11:09:03.956464 1831688 cuda_executor.cc:1802] GPU interconnect information not available: INTERNAL: NVML doesn't support extracting fabric info or NVLink is not used by the device.
W0612 11:09:03.959607 1831688 cuda_executor.cc:1802] GPU interconnect information not available: INTERNAL: NVML doesn't support extracting fabric info or NVLink is not used by the device.
W0612 11:09:03.962721 1831688 cuda_executor.cc:1802] GPU interconnect information not available: INTERNAL: NVML doesn't support extracting fabric info or NVLink is not used by the device.
W0612 11:09:03.965850 1831688 cuda_executor.cc:1802] GPU interconnect information not available: INTERNAL: NVML doesn't support extracting fabric info or NVLink is not used by the device.
devices=[CudaDevice(id=0), CudaDevice(id=1), CudaDevice(id=2), CudaDevice(id=3)] lmax=2508 B=64 kchunk=100 lensing=True P=2 shard=True ndev=4
derived 64 cosmologies; starting staged gradient (cold)...
/global/common/software/m3166/carag/envs/actdr6/lib/python3.11/site-packages/equinox/_jit.py:429: UserWarning: 
Possibly assigning a JAX-transformed callable as an attribute on
equinox._jit._JitWrapper. This will not have any of its parameters updated.

For example, the following code is buggy:
```python
class MyModule(eqx.Module):
vmap_linear: Callable

def __init__(self, ...):
    self.vmap_linear = jax.vmap(eqx.nn.Linear(...))

def __call__(self, ...):
    ... = self.vmap_linear(...)
```
This is because the callable returned from `jax.vmap` is *not* a PyTree. This means that
the parameters inside the `eqx.nn.Linear` layer will not receive gradient updates.

You can most easily fix this either by applying the wrapper at `__call__` time:
```python
class MyModule(eqx.Module):
linear: Callable

def __init__(self, ...):
    self.linear = eqx.nn.Linear(...)

def __call__(self, ...):
    ... = jax.vmap(self.linear)(...)
```
or by using `eqx.filter_vmap` instead (which *does* return a PyTree):
```python
class MyModule(eqx.Module):
vmap_linear: Callable

def __init__(self, ...):
    self.vmap_linear = eqx.filter_vmap(eqx.nn.Linear(...))

def __call__(self, ...):
    ... = self.vmap_linear(...)
```

  jit_wrapper = _JitWrapper(
[COLD] staged grad compile+run 1081.3s (B=64,P=2,lmax=2508,kchunk=100,lensing=True,shard=True)
[WARM-1] staged grad run 703.6s
srun: forcing job termination
