W0612 10:39:22.987105 1822483 cuda_executor.cc:1802] GPU interconnect information not available: INTERNAL: NVML doesn't support extracting fabric info or NVLink is not used by the device.
W0612 10:39:22.989567 1822485 cuda_executor.cc:1802] GPU interconnect information not available: INTERNAL: NVML doesn't support extracting fabric info or NVLink is not used by the device.
W0612 10:39:22.992147 1822484 cuda_executor.cc:1802] GPU interconnect information not available: INTERNAL: NVML doesn't support extracting fabric info or NVLink is not used by the device.
W0612 10:39:22.992928 1822486 cuda_executor.cc:1802] GPU interconnect information not available: INTERNAL: NVML doesn't support extracting fabric info or NVLink is not used by the device.
W0612 10:39:23.003296 1822328 cuda_executor.cc:1802] GPU interconnect information not available: INTERNAL: NVML doesn't support extracting fabric info or NVLink is not used by the device.
W0612 10:39:23.006414 1822328 cuda_executor.cc:1802] GPU interconnect information not available: INTERNAL: NVML doesn't support extracting fabric info or NVLink is not used by the device.
W0612 10:39:23.009514 1822328 cuda_executor.cc:1802] GPU interconnect information not available: INTERNAL: NVML doesn't support extracting fabric info or NVLink is not used by the device.
W0612 10:39:23.014553 1822328 cuda_executor.cc:1802] GPU interconnect information not available: INTERNAL: NVML doesn't support extracting fabric info or NVLink is not used by the device.
devices=[CudaDevice(id=0), CudaDevice(id=1), CudaDevice(id=2), CudaDevice(id=3)] lmax=2508 B=32 kchunk=100 lensing=True P=2 shard=True ndev=4
derived 32 cosmologies; starting staged gradient (cold)...
/global/common/software/m3166/carag/envs/actdr6/lib/python3.11/site-packages/equinox/_jit.py:429: UserWarning: 
Possibly assigning a JAX-transformed callable as an attribute on
equinox._jit._JitWrapper. This will not have any of its parameters updated.

For example, the following code is buggy:
```python
class MyModule(eqx.Module):
vmap_linear: Callable

def __init__(self, ...):
    self.vmap_linear = jax.vmap(eqx.nn.Linear(...))

def __call__(self, ...):
    ... = self.vmap_linear(...)
```
This is because the callable returned from `jax.vmap` is *not* a PyTree. This means that
the parameters inside the `eqx.nn.Linear` layer will not receive gradient updates.

You can most easily fix this either by applying the wrapper at `__call__` time:
```python
class MyModule(eqx.Module):
linear: Callable

def __init__(self, ...):
    self.linear = eqx.nn.Linear(...)

def __call__(self, ...):
    ... = jax.vmap(self.linear)(...)
```
or by using `eqx.filter_vmap` instead (which *does* return a PyTree):
```python
class MyModule(eqx.Module):
vmap_linear: Callable

def __init__(self, ...):
    self.vmap_linear = eqx.filter_vmap(eqx.nn.Linear(...))

def __call__(self, ...):
    ... = self.vmap_linear(...)
```

  jit_wrapper = _JitWrapper(
[COLD] staged grad compile+run 851.3s (B=32,P=2,lmax=2508,kchunk=100,lensing=True,shard=True)
[WARM-1] staged grad run 449.8s
[WARM-2] staged grad run 449.9s
[RESULT] B=32 shard=True ndev=4 | warm 449.9s => 14.059 s/cosmo (all P=2), 7.029 s/cosmo/direction | per-device peak 4.10 GB (B_local=8)
[grad_prod_shape] done
